<?xml version="1.0" encoding="UTF-8"?>
<!-- Generated by org.testng.reporters.JUnitXMLReporter -->
<testsuite hostname="Rajnis-MacBook-Air.local" ignored="0" name="Default test" tests="3" failures="0" timestamp="14 Jun 2019 19:00:00 GMT" time="19.218" errors="0">
  <testcase name="HomePageTitleTest" time="0.026" classname="com.crm.qa.testcases.HomePageTest"/>
  <testcase name="SignOffButtonTest" time="0.037" classname="com.crm.qa.testcases.HomePageTest"/>
  <testcase name="ClickOnCruisesPageButtonTest" time="1.141" classname="com.crm.qa.testcases.HomePageTest"/>
</testsuite> <!-- Default test -->
