<?xml version="1.0" encoding="UTF-8"?>
<!-- Generated by org.testng.reporters.JUnitXMLReporter -->
<testsuite hostname="Rajnis-MacBook-Air.local" ignored="0" name="Test" tests="8" failures="0" timestamp="18 Nov 2018 13:59:41 GMT" time="46.304" errors="0">
  <testcase name="verifyCruisePageTitleTest" time="0.017" classname="com.crm.qa.testcases.CruisesPageTest"/>
  <testcase name="LoginPageTitleTest" time="0.009" classname="com.crm.qa.testcases.LoginPageTest"/>
  <testcase name="HomePageTitleTest" time="0.011" classname="com.crm.qa.testcases.HomePageTest"/>
  <testcase name="verifyCruiseItineraryTest" time="0.038" classname="com.crm.qa.testcases.CruisesPageTest"/>
  <testcase name="LoginPageImageTest" time="0.044" classname="com.crm.qa.testcases.LoginPageTest"/>
  <testcase name="SignOffButtonTest" time="0.038" classname="com.crm.qa.testcases.HomePageTest"/>
  <testcase name="LoginTest" time="2.304" classname="com.crm.qa.testcases.LoginPageTest"/>
  <testcase name="ClickOnCruisesPageButtonTest" time="1.333" classname="com.crm.qa.testcases.HomePageTest"/>
</testsuite> <!-- Test -->
