<?xml version="1.0" encoding="UTF-8"?>
<testng-results skipped="0" failed="0" ignored="0" total="3" passed="3">
  <reporter-output>
  </reporter-output>
  <suite name="Default suite" duration-ms="19218" started-at="2019-06-14T18:59:40Z" finished-at="2019-06-14T19:00:00Z">
    <groups>
    </groups>
    <test name="Default test" duration-ms="19218" started-at="2019-06-14T18:59:40Z" finished-at="2019-06-14T19:00:00Z">
      <class name="com.crm.qa.testcases.HomePageTest">
        <test-method status="PASS" signature="setup()[pri:0, instance:com.crm.qa.testcases.HomePageTest@42e26948]" name="setup" is-config="true" duration-ms="8226" started-at="2019-06-14T18:59:41Z" finished-at="2019-06-14T18:59:49Z">
          <reporter-output>
          </reporter-output>
        </test-method> <!-- setup -->
        <test-method status="PASS" signature="HomePageTitleTest()[pri:1, instance:com.crm.qa.testcases.HomePageTest@42e26948]" name="HomePageTitleTest" duration-ms="26" started-at="2019-06-14T18:59:49Z" finished-at="2019-06-14T18:59:49Z">
          <reporter-output>
          </reporter-output>
        </test-method> <!-- HomePageTitleTest -->
        <test-method status="PASS" signature="teardown()[pri:0, instance:com.crm.qa.testcases.HomePageTest@42e26948]" name="teardown" is-config="true" duration-ms="102" started-at="2019-06-14T18:59:49Z" finished-at="2019-06-14T18:59:49Z">
          <reporter-output>
          </reporter-output>
        </test-method> <!-- teardown -->
        <test-method status="PASS" signature="setup()[pri:0, instance:com.crm.qa.testcases.HomePageTest@42e26948]" name="setup" is-config="true" duration-ms="4696" started-at="2019-06-14T18:59:49Z" finished-at="2019-06-14T18:59:54Z">
          <reporter-output>
          </reporter-output>
        </test-method> <!-- setup -->
        <test-method status="PASS" signature="SignOffButtonTest()[pri:2, instance:com.crm.qa.testcases.HomePageTest@42e26948]" name="SignOffButtonTest" duration-ms="37" started-at="2019-06-14T18:59:54Z" finished-at="2019-06-14T18:59:54Z">
          <reporter-output>
          </reporter-output>
        </test-method> <!-- SignOffButtonTest -->
        <test-method status="PASS" signature="teardown()[pri:0, instance:com.crm.qa.testcases.HomePageTest@42e26948]" name="teardown" is-config="true" duration-ms="96" started-at="2019-06-14T18:59:54Z" finished-at="2019-06-14T18:59:54Z">
          <reporter-output>
          </reporter-output>
        </test-method> <!-- teardown -->
        <test-method status="PASS" signature="setup()[pri:0, instance:com.crm.qa.testcases.HomePageTest@42e26948]" name="setup" is-config="true" duration-ms="4716" started-at="2019-06-14T18:59:54Z" finished-at="2019-06-14T18:59:58Z">
          <reporter-output>
          </reporter-output>
        </test-method> <!-- setup -->
        <test-method status="PASS" signature="ClickOnCruisesPageButtonTest()[pri:3, instance:com.crm.qa.testcases.HomePageTest@42e26948]" name="ClickOnCruisesPageButtonTest" duration-ms="1141" started-at="2019-06-14T18:59:58Z" finished-at="2019-06-14T19:00:00Z">
          <reporter-output>
          </reporter-output>
        </test-method> <!-- ClickOnCruisesPageButtonTest -->
        <test-method status="PASS" signature="teardown()[pri:0, instance:com.crm.qa.testcases.HomePageTest@42e26948]" name="teardown" is-config="true" duration-ms="122" started-at="2019-06-14T19:00:00Z" finished-at="2019-06-14T19:00:00Z">
          <reporter-output>
          </reporter-output>
        </test-method> <!-- teardown -->
      </class> <!-- com.crm.qa.testcases.HomePageTest -->
    </test> <!-- Default test -->
  </suite> <!-- Default suite -->
</testng-results>
